<?xml version="1.0" encoding="UTF-8"?>
<testng-results ignored="0" total="1" passed="1" failed="0" skipped="0">
  <reporter-output>
  </reporter-output>
  <suite started-at="2022-11-17T10:10:40 IST" name="Suite" finished-at="2022-11-17T10:10:40 IST" duration-ms="158">
    <groups>
    </groups>
    <test started-at="2022-11-17T10:10:40 IST" name="Test" finished-at="2022-11-17T10:10:40 IST" duration-ms="158">
      <class name="ravi.CreatprojectTest">
        <test-method signature="Create()[pri:0, instance:ravi.CreatprojectTest@ea6147e]" started-at="2022-11-17T10:10:40 IST" name="Create" finished-at="2022-11-17T10:10:40 IST" duration-ms="25" status="PASS">
          <reporter-output>
          </reporter-output>
        </test-method> <!-- Create -->
      </class> <!-- ravi.CreatprojectTest -->
    </test> <!-- Test -->
  </suite> <!-- Suite -->
</testng-results>
